<?xml version="1.0" encoding="UTF-8"?>
<!-- Generated by org.testng.reporters.JUnitXMLReporter -->
<testsuite ignored="0" hostname="HP" failures="0" tests="10" name="Test" time="95.298" errors="0" timestamp="2023-01-23T19:12:23 IST">
  <testcase classname="HeaderFooterVerificationTest.VerificationOfHeaderObjectTest" name="CurrencyDropDown" time="2.178"/>
  <testcase classname="HeaderFooterVerificationTest.VerificationOfHeaderObjectTest" name="Contacts" time="2.813"/>
  <testcase classname="HeaderFooterVerificationTest.VerificationOfHeaderObjectTest" name="VerificationOfHeaderLinks" time="3.843"/>
  <testcase classname="HeaderFooterVerificationTest.VerificationOfHeaderObjectTest" name="DesktopLinks" time="4.673"/>
  <testcase classname="HeaderFooterVerificationTest.VarificationOfFooterObjectTest" name="AllFooterLink" time="0.04"/>
  <testcase classname="Account.AccountCreationTestCAse" name="InValidLoginTest" time="1.169"/>
  <testcase classname="Account.AccountCreationTestCAse" name="InValidLoginTest" time="1.138"/>
  <testcase classname="Account.AccountCreationTestCAse" name="InValidLoginTest" time="1.758"/>
  <testcase classname="Account.AccountCreationTestCAse" name="RegisterUser" time="16.826"/>
  <testcase classname="ItemPriceVerification.ItemPriceVerificationTest" name="PriceVerification" time="7.367"/>
</testsuite> <!-- Test -->
