<?xml version="1.0" encoding="UTF-8"?>
<!-- Generated by org.testng.reporters.JUnitXMLReporter -->
<testsuite ignored="0" hostname="HP" failures="0" tests="10" name="Test" time="181.379" errors="0" timestamp="2023-01-20T19:29:47 IST">
  <testcase classname="HeaderFooterVerificationTest.VerificationOfHeaderObjectTest" name="CurrencyDropDown" time="2.132"/>
  <testcase classname="HeaderFooterVerificationTest.VerificationOfHeaderObjectTest" name="Contacts" time="3.006"/>
  <testcase classname="HeaderFooterVerificationTest.VerificationOfHeaderObjectTest" name="VerificationOfHeaderLinks" time="10.038"/>
  <testcase classname="HeaderFooterVerificationTest.VerificationOfHeaderObjectTest" name="DesktopLinks" time="10.595"/>
  <testcase classname="HeaderFooterVerificationTest.VarificationOfFooterObjectTest" name="AllFooterLink" time="0.03"/>
  <testcase classname="Account.AccountCreationTestCAse" name="InValidLoginTest" time="1.707"/>
  <testcase classname="Account.AccountCreationTestCAse" name="InValidLoginTest" time="1.387"/>
  <testcase classname="Account.AccountCreationTestCAse" name="InValidLoginTest" time="1.589"/>
  <testcase classname="Account.AccountCreationTestCAse" name="RegisterUser" time="52.012"/>
  <testcase classname="ItemPriceVerification.ItemPriceVerificationTest" name="PriceVerification" time="10.222"/>
</testsuite> <!-- Test -->
